Using pre-set license
Built from '2020.3/staging' branch; Version is '2020.3.6f1 (338bb68529b2) revision 3378102'; Using compiler version '192528614'; Build Type 'Release'
OS: 'Windows 10 Home Single Language; OS build 18363.1556; Version 1909; 64bit' Language: 'en' Physical Memory: 8046 MB
BatchMode: 1, IsHumanControllingUs: 0, StartBugReporterOnCrash: 0, Is64bit: 1, IsPro: 0

 COMMAND LINE ARGUMENTS:
D:\unity\install\2020.3.6fi\Unity\Editor\Unity.exe
-adb2
-batchMode
-noUpm
-name
AssetImportWorker0
-projectPath
D:/unity/install/Modul 2 Movement dan Gravitasi
-logFile
Logs/AssetImportWorker0.log
-srvPort
56036
Successfully changed project path to: D:/unity/install/Modul 2 Movement dan Gravitasi
D:/unity/install/Modul 2 Movement dan Gravitasi
Using Asset Import Pipeline V2.
Refreshing native plugins compatible for Editor in 665.31 ms, found 0 plugins.
Preloading 0 native plugins for Editor in 0.00 ms.
Initialize engine version: 2020.3.6f1 (338bb68529b2)
[Subsystems] Discovering subsystems at path D:/unity/install/2020.3.6fi/Unity/Editor/Data/Resources/UnitySubsystems
[Subsystems] Discovering subsystems at path D:/unity/install/Modul 2 Movement dan Gravitasi/Assets
GfxDevice: creating device client; threaded=0
Direct3D:
    Version:  Direct3D 11.0 [level 11.1]
    Renderer: NVIDIA GeForce GTX 1050 Ti (ID=0x1c8c)
    Vendor:   
    VRAM:     4021 MB
    Driver:   25.21.14.2546
Shader 'Enviro/Lite/SkyboxSimple': fallback shader 'None' not found
Shader 'Enviro/Standard/SkyboxSimple': fallback shader 'None' not found
Initialize mono
Mono path[0] = 'D:/unity/install/2020.3.6fi/Unity/Editor/Data/Managed'
Mono path[1] = 'D:/unity/install/2020.3.6fi/Unity/Editor/Data/MonoBleedingEdge/lib/mono/unityjit'
Mono config path = 'D:/unity/install/2020.3.6fi/Unity/Editor/Data/MonoBleedingEdge/etc'
Using monoOptions --debugger-agent=transport=dt_socket,embedding=1,server=y,suspend=n,address=127.0.0.1:56324
Begin MonoManager ReloadAssembly
Registering precompiled unity dll's ...
Register platform support module: D:/unity/install/2020.3.6fi/Unity/Editor/Data/PlaybackEngines/WindowsStandaloneSupport/UnityEditor.WindowsStandalone.Extensions.dll
Registered in 0.017998 seconds.
Native extension for WindowsStandalone target not found
Refreshing native plugins compatible for Editor in 628.58 ms, found 0 plugins.
Preloading 0 native plugins for Editor in 0.00 ms.
Mono: successfully reloaded assembly
- Completed reload, in 15.544 seconds
Platform modules already initialized, skipping
Registering precompiled user dll's ...
Registered in 0.003204 seconds.
Begin MonoManager ReloadAssembly
Native extension for WindowsStandalone target not found
Refreshing native plugins compatible for Editor in 1.50 ms, found 0 plugins.
Preloading 0 native plugins for Editor in 0.00 ms.
Mono: successfully reloaded assembly
- Completed reload, in  4.392 seconds
Platform modules already initialized, skipping
========================================================================
Worker process is ready to serve import requests
Shader 'Enviro/Lite/SkyboxSimple': fallback shader 'None' not found
Shader 'Enviro/Standard/SkyboxSimple': fallback shader 'None' not found
Launched and connected shader compiler UnityShaderCompiler.exe after 0.23 seconds
Refreshing native plugins compatible for Editor in 1.25 ms, found 0 plugins.
Preloading 0 native plugins for Editor in 0.00 ms.
Unloading 1286 Unused Serialized files (Serialized files now loaded: 0)
System memory in use before: 101.5 MB.
System memory in use after: 101.6 MB.

Unloading 10 unused Assets to reduce memory usage. Loaded Objects now: 1748.
Total: 2.735800 ms (FindLiveObjects: 0.219700 ms CreateObjectMapping: 0.055600 ms MarkObjects: 2.297100 ms  DeleteObjects: 0.162000 ms)

========================================================================
Received Import Request.
  path: Assets/Scenes/SampleScene.unity
  artifactKey: Guid(9fc0d4010bbf28b4594072e72b8655ab) Importer(815301076,1909f56bfc062723c751e8b465ee728b)
Start importing Assets/Scenes/SampleScene.unity using Guid(9fc0d4010bbf28b4594072e72b8655ab) Importer(815301076,1909f56bfc062723c751e8b465ee728b)  -> (artifact id: 'd7ce4a4588703afe1f2dda0e1f5c8cb2') in 0.040198 seconds
  Import took 0.116326 seconds .

========================================================================
Received Import Request.
  Time since last request: 104.287777 seconds.
  path: Assets/Scenes/MainMenu.unity
  artifactKey: Guid(b3d0dd32d37f49c46acb2a684657c00d) Importer(815301076,1909f56bfc062723c751e8b465ee728b)
Start importing Assets/Scenes/MainMenu.unity using Guid(b3d0dd32d37f49c46acb2a684657c00d) Importer(815301076,1909f56bfc062723c751e8b465ee728b)  -> (artifact id: 'cbf25d5f2b890a8f96678c8c505148fb') in 0.018110 seconds
  Import took 0.033464 seconds .

========================================================================
Received Import Request.
  Time since last request: 136.996645 seconds.
  path: Assets/Script/MenuButtonController.cs
  artifactKey: Guid(a1ae0794d12f19946b7ef817de6b4af8) Importer(815301076,1909f56bfc062723c751e8b465ee728b)
Start importing Assets/Script/MenuButtonController.cs using Guid(a1ae0794d12f19946b7ef817de6b4af8) Importer(815301076,1909f56bfc062723c751e8b465ee728b)  -> (artifact id: '7c4f62f1329bf06baf7d0bd2f1f27d4b') in 0.135302 seconds
  Import took 0.166613 seconds .

========================================================================
Received Import Request.
  Time since last request: 329.390734 seconds.
  path: Assets/animation/UI/Highlighted.anim
  artifactKey: Guid(c847053dcf74b4640a28b54129560a26) Importer(815301076,1909f56bfc062723c751e8b465ee728b)
Start importing Assets/animation/UI/Highlighted.anim using Guid(c847053dcf74b4640a28b54129560a26) Importer(815301076,1909f56bfc062723c751e8b465ee728b)  -> (artifact id: 'c98349e65aedbb5d22ac98e3de83db4c') in 0.247342 seconds
  Import took 0.321090 seconds .

========================================================================
Received Import Request.
  Time since last request: 0.226287 seconds.
  path: Assets/animation/UI/Highlighted.anim
  artifactKey: Guid(c847053dcf74b4640a28b54129560a26) Importer(815301076,1909f56bfc062723c751e8b465ee728b)
Start importing Assets/animation/UI/Highlighted.anim using Guid(c847053dcf74b4640a28b54129560a26) Importer(815301076,1909f56bfc062723c751e8b465ee728b)  -> (artifact id: 'c98349e65aedbb5d22ac98e3de83db4c') in 0.041010 seconds
  Import took 0.155337 seconds .

========================================================================
Received Prepare
Registering precompiled user dll's ...
Registered in 0.005567 seconds.
Begin MonoManager ReloadAssembly
Native extension for WindowsStandalone target not found
Refreshing native plugins compatible for Editor in 1.59 ms, found 0 plugins.
Preloading 0 native plugins for Editor in 0.00 ms.
Mono: successfully reloaded assembly
- Completed reload, in  5.445 seconds
Platform modules already initialized, skipping
Shader 'Enviro/Lite/SkyboxSimple': fallback shader 'None' not found
Shader 'Enviro/Standard/SkyboxSimple': fallback shader 'None' not found
Refreshing native plugins compatible for Editor in 2.02 ms, found 0 plugins.
Preloading 0 native plugins for Editor in 0.00 ms.
Unloading 1239 Unused Serialized files (Serialized files now loaded: 0)
System memory in use before: 97.4 MB.
System memory in use after: 97.4 MB.

Unloading 5 unused Assets to reduce memory usage. Loaded Objects now: 1751.
Total: 40.017500 ms (FindLiveObjects: 0.403700 ms CreateObjectMapping: 0.155700 ms MarkObjects: 5.124900 ms  DeleteObjects: 34.329400 ms)

========================================================================
Received Prepare
Registering precompiled user dll's ...
Registered in 0.030774 seconds.
Begin MonoManager ReloadAssembly
Native extension for WindowsStandalone target not found
Refreshing native plugins compatible for Editor in 5.05 ms, found 0 plugins.
Preloading 0 native plugins for Editor in 0.00 ms.
Mono: successfully reloaded assembly
- Completed reload, in  7.083 seconds
Platform modules already initialized, skipping
Shader 'Enviro/Lite/SkyboxSimple': fallback shader 'None' not found
Shader 'Enviro/Standard/SkyboxSimple': fallback shader 'None' not found
Refreshing native plugins compatible for Editor in 2.18 ms, found 0 plugins.
Preloading 0 native plugins for Editor in 0.00 ms.
Unloading 1239 Unused Serialized files (Serialized files now loaded: 0)
System memory in use before: 97.4 MB.
System memory in use after: 97.5 MB.

Unloading 5 unused Assets to reduce memory usage. Loaded Objects now: 1754.
Total: 10.340900 ms (FindLiveObjects: 3.082400 ms CreateObjectMapping: 0.251600 ms MarkObjects: 6.675100 ms  DeleteObjects: 0.313600 ms)

AssetImportWorkerClient::OnTransportError - code=2 error=End of file
